<?xml version="1.0" encoding="UTF-8"?>
<!-- Generated by org.testng.reporters.JUnitReportReporter -->
<testsuite hostname="LAPTOP-2G1PUQ2S" failures="0" tests="3" name="com.beta.qa.testcases.LoginPageTest" time="79.984" errors="0" timestamp="2020-07-01T18:14:01 IST" skipped="0">
  <testcase classname="com.beta.qa.testcases.LoginPageTest" name="loginPageTitleTest" time="23.854"/>
  <system-out/>
  <testcase classname="com.beta.qa.testcases.LoginPageTest" name="NominusLogoTest" time="15.868"/>
  <system-out/>
  <testcase classname="com.beta.qa.testcases.LoginPageTest" name="loginTest" time="40.262"/>
  <system-out/>
</testsuite> <!-- com.beta.qa.testcases.LoginPageTest -->
